This is pdfTeX, Version 3.14159265-2.6-1.40.21 (TeX Live 2020) (preloaded format=pdflatex 2020.4.7)  24 MAY 2021 13:59
entering extended mode
 restricted \write18 enabled.
 %&-line parsing enabled.
**trust.tex
(./trust.tex
LaTeX2e <2020-02-02> patch level 5
L3 programming layer <2020-03-06>
(/usr/local/texlive/2020/texmf-dist/tex/latex/base/article.cls
Document Class: article 2019/12/20 v1.4l Standard LaTeX document class
(/usr/local/texlive/2020/texmf-dist/tex/latex/base/size12.clo
File: size12.clo 2019/12/20 v1.4l Standard LaTeX file (size option)
)
\c@part=\count167
\c@section=\count168
\c@subsection=\count169
\c@subsubsection=\count170
\c@paragraph=\count171
\c@subparagraph=\count172
\c@figure=\count173
\c@table=\count174
\abovecaptionskip=\skip47
\belowcaptionskip=\skip48
\bibindent=\dimen134
)
(/usr/local/texlive/2020/texmf-dist/tex/latex/graphics/graphicx.sty
Package: graphicx 2019/11/30 v1.2a Enhanced LaTeX Graphics (DPC,SPQR)

(/usr/local/texlive/2020/texmf-dist/tex/latex/graphics/keyval.sty
Package: keyval 2014/10/28 v1.15 key=value parser (DPC)
\KV@toks@=\toks15
)
(/usr/local/texlive/2020/texmf-dist/tex/latex/graphics/graphics.sty
Package: graphics 2019/11/30 v1.4a Standard LaTeX Graphics (DPC,SPQR)

(/usr/local/texlive/2020/texmf-dist/tex/latex/graphics/trig.sty
Package: trig 2016/01/03 v1.10 sin cos tan (DPC)
)
(/usr/local/texlive/2020/texmf-dist/tex/latex/graphics-cfg/graphics.cfg
File: graphics.cfg 2016/06/04 v1.11 sample graphics configuration
)
Package graphics Info: Driver file: pdftex.def on input line 105.

(/usr/local/texlive/2020/texmf-dist/tex/latex/graphics-def/pdftex.def
File: pdftex.def 2018/01/08 v1.0l Graphics/color driver for pdftex
))
\Gin@req@height=\dimen135
\Gin@req@width=\dimen136
)
(/usr/local/texlive/2020/texmf-dist/tex/latex/graphics/epsfig.sty
Package: epsfig 2017/06/25 v1.7b (e)psfig emulation (SPQR)
\epsfxsize=\dimen137
\epsfysize=\dimen138
)
(/usr/local/texlive/2020/texmf-dist/tex/latex/epstopdf-pkg/epstopdf.sty
Package: epstopdf 2020-01-24 v2.11 Conversion with epstopdf on the fly (HO)

(/usr/local/texlive/2020/texmf-dist/tex/generic/infwarerr/infwarerr.sty
Package: infwarerr 2019/12/03 v1.5 Providing info/warning/error messages (HO)
)
(/usr/local/texlive/2020/texmf-dist/tex/latex/grfext/grfext.sty
Package: grfext 2019/12/03 v1.3 Manage graphics extensions (HO)

(/usr/local/texlive/2020/texmf-dist/tex/generic/kvdefinekeys/kvdefinekeys.sty
Package: kvdefinekeys 2019-12-19 v1.6 Define keys (HO)
)) (/usr/local/texlive/2020/texmf-dist/tex/latex/kvoptions/kvoptions.sty
Package: kvoptions 2019/11/29 v3.13 Key value format for package options (HO)

(/usr/local/texlive/2020/texmf-dist/tex/generic/ltxcmds/ltxcmds.sty
Package: ltxcmds 2019/12/15 v1.24 LaTeX kernel commands for general use (HO)
)
(/usr/local/texlive/2020/texmf-dist/tex/generic/kvsetkeys/kvsetkeys.sty
Package: kvsetkeys 2019/12/15 v1.18 Key value parser (HO)
))
(/usr/local/texlive/2020/texmf-dist/tex/latex/pdftexcmds/pdftexcmds.sty
Package: pdftexcmds 2019/11/24 v0.31 Utility functions of pdfTeX for LuaTeX (HO
)

(/usr/local/texlive/2020/texmf-dist/tex/generic/iftex/iftex.sty
Package: iftex 2020/03/06 v1.0d TeX engine tests
)
Package pdftexcmds Info: \pdf@primitive is available.
Package pdftexcmds Info: \pdf@ifprimitive is available.
Package pdftexcmds Info: \pdfdraftmode found.
)
(/usr/local/texlive/2020/texmf-dist/tex/latex/epstopdf-pkg/epstopdf-base.sty
Package: epstopdf-base 2020-01-24 v2.11 Base part for package epstopdf
Package epstopdf-base Info: Redefining graphics rule for `.eps' on input line 4
85.
Package grfext Info: Graphics extension search list:
(grfext)             [.pdf,.png,.jpg,.mps,.jpeg,.jbig2,.jb2,.PDF,.PNG,.JPG,.JPE
G,.JBIG2,.JB2,.eps]
(grfext)             \AppendGraphicsExtensions on input line 504.

(/usr/local/texlive/2020/texmf-dist/tex/latex/latexconfig/epstopdf-sys.cfg
File: epstopdf-sys.cfg 2010/07/13 v1.3 Configuration of (r)epstopdf for TeX Liv
e
)))
(/usr/local/texlive/2020/texmf-dist/tex/latex/caption/caption.sty
Package: caption 2020/01/03 v3.4h Customizing captions (AR)

(/usr/local/texlive/2020/texmf-dist/tex/latex/caption/caption3.sty
Package: caption3 2020/01/03 v1.8h caption3 kernel (AR)
Package caption3 Info: TeX engine: e-TeX on input line 61.
\captionmargin=\dimen139
\captionmargin@=\dimen140
\captionwidth=\dimen141
\caption@tempdima=\dimen142
\caption@indent=\dimen143
\caption@parindent=\dimen144
\caption@hangindent=\dimen145
Package caption Info: Standard document class detected.
)
\c@caption@flags=\count175
\c@continuedfloat=\count176
)
(/usr/local/texlive/2020/texmf-dist/tex/latex/float/float.sty
Package: float 2001/11/08 v1.3d Float enhancements (AL)
\c@float@type=\count177
\float@exts=\toks16
\float@box=\box45
\@float@everytoks=\toks17
\@floatcapt=\box46
)
(/usr/local/texlive/2020/texmf-dist/tex/latex/l3backend/l3backend-pdfmode.def
File: l3backend-pdfmode.def 2020-03-12 L3 backend support: PDF mode
\l__kernel_color_stack_int=\count178
\l__pdf_internal_box=\box47
)
(./trust.aux)
\openout1 = `trust.aux'.

LaTeX Font Info:    Checking defaults for OML/cmm/m/it on input line 9.
LaTeX Font Info:    ... okay on input line 9.
LaTeX Font Info:    Checking defaults for OMS/cmsy/m/n on input line 9.
LaTeX Font Info:    ... okay on input line 9.
LaTeX Font Info:    Checking defaults for OT1/cmr/m/n on input line 9.
LaTeX Font Info:    ... okay on input line 9.
LaTeX Font Info:    Checking defaults for T1/cmr/m/n on input line 9.
LaTeX Font Info:    ... okay on input line 9.
LaTeX Font Info:    Checking defaults for TS1/cmr/m/n on input line 9.
LaTeX Font Info:    ... okay on input line 9.
LaTeX Font Info:    Checking defaults for OMX/cmex/m/n on input line 9.
LaTeX Font Info:    ... okay on input line 9.
LaTeX Font Info:    Checking defaults for U/cmr/m/n on input line 9.
LaTeX Font Info:    ... okay on input line 9.

(/usr/local/texlive/2020/texmf-dist/tex/context/base/mkii/supp-pdf.mkii
[Loading MPS to PDF converter (version 2006.09.02).]
\scratchcounter=\count179
\scratchdimen=\dimen146
\scratchbox=\box48
\nofMPsegments=\count180
\nofMParguments=\count181
\everyMPshowfont=\toks18
\MPscratchCnt=\count182
\MPscratchDim=\dimen147
\MPnumerator=\count183
\makeMPintoPDFobject=\count184
\everyMPtoPDFconversion=\toks19
)
Package caption Info: Begin \AtBeginDocument code.
Package caption Info: float package is loaded.
Package caption Info: End \AtBeginDocument code.
LaTeX Font Info:    External font `cmex10' loaded for size
(Font)              <17.28> on input line 17.
LaTeX Font Info:    External font `cmex10' loaded for size
(Font)              <12> on input line 17.
LaTeX Font Info:    External font `cmex10' loaded for size
(Font)              <7> on input line 17.
LaTeX Font Info:    External font `cmex10' loaded for size
(Font)              <5> on input line 17.
LaTeX Font Info:    External font `cmex10' loaded for size
(Font)              <14.4> on input line 21.

Underfull \hbox (badness 10000) in paragraph at lines 30--31

 []

[1

{/usr/local/texlive/2020/texmf-var/fonts/map/pdftex/updmap/pdftex.map}]

LaTeX Warning: Citation `dahlPolyarchyParticipationOpposition1973' on page 2 un
defined on input line 34.


LaTeX Warning: Citation `horowitzEthnicGroupsConflict1985' on page 2 undefined 
on input line 34.


LaTeX Warning: Citation `lijphartDemocracyPluralSocieties1977' on page 2 undefi
ned on input line 34.


LaTeX Warning: Citation `rabushkaPoliticsPluralSocieties1972' on page 2 undefin
ed on input line 34.


LaTeX Warning: Citation `adidaAfricanVotersFavor2015' on page 2 undefined on in
put line 34.


LaTeX Warning: Citation `barretoISiSePuede2007' on page 2 undefined on input li
ne 34.


LaTeX Warning: Citation `houleInequalityEthnicDiversity2017' on page 2 undefine
d on input line 34.


LaTeX Warning: Citation `caselliTheoryEthnicConflict2013' on page 2 undefined o
n input line 34.


LaTeX Warning: Citation `kingDiversityViolenceRecognition2020' on page 2 undefi
ned on input line 34.


LaTeX Warning: Citation `houleDoesEthnicVoting2018' on page 2 undefined on inpu
t line 36.


LaTeX Warning: Citation `uslanerMoralFoundationsTrust2002' on page 2 undefined 
on input line 38.


LaTeX Warning: Citation `bigelowDemocracyAmericaVolume1899' on page 2 undefined
 on input line 38.


LaTeX Warning: Citation `inglehartTrustWellbeingDemocracy1999' on page 2 undefi
ned on input line 38.


LaTeX Warning: Citation `putnamWhatMakesDemocracy1993' on page 2 undefined on i
nput line 38.


LaTeX Warning: Citation `houleDoesEthnicVoting2018' on page 2 undefined on inpu
t line 40.


LaTeX Warning: Citation `chandraWhyEthnicParties2004' on page 2 undefined on in
put line 42.


LaTeX Warning: Citation `conroy-krutzInformationEthnicPolitics2013' on page 2 u
ndefined on input line 42.


LaTeX Warning: Citation `posnerPoliticalSalienceCultural2004' on page 2 undefin
ed on input line 42.


LaTeX Warning: Citation `dunningCrosscuttingCleavagesEthnic2010' on page 2 unde
fined on input line 42.


LaTeX Warning: Citation `almondCivicCulturePolitical1989' on page 2 undefined o
n input line 42.


LaTeX Warning: Citation `inglehartRenaissancePoliticalCulture1988' on page 2 un
defined on input line 42.


LaTeX Warning: Citation `mullerCivicCultureDemocracy1994a' on page 2 undefined 
on input line 42.


LaTeX Warning: Citation `inglehartPoliticalCultureDemocracy2003' on page 2 unde
fined on input line 42.


LaTeX Warning: Citation `rafaellaportaTrustLargeOrganizations1997' on page 2 un
defined on input line 42.


LaTeX Warning: Citation `putnamWhatMakesDemocracy1993' on page 2 undefined on i
nput line 42.


LaTeX Warning: Citation `riceSocialCapitalGovernment2001' on page 2 undefined o
n input line 42.


LaTeX Warning: Citation `knackSocialCapitalQuality2002a' on page 2 undefined on
 input line 42.


LaTeX Warning: Citation `uslanerMoralFoundationsTrust2002' on page 2 undefined 
on input line 42.


LaTeX Warning: Citation `backWhenTrustMatters2016' on page 2 undefined on input
 line 42.


LaTeX Warning: Citation `crepazWhatTrustGot2017a' on page 2 undefined on input 
line 42.

[2]

LaTeX Warning: Citation `linzBreakdownDemocraticRegimes1978' on page 3 undefine
d on input line 48.


LaTeX Warning: Citation `diamondDemocraticConsolidation1994' on page 3 undefine
d on input line 48.


LaTeX Warning: Citation `linzConsolidatedDemocracies1996' on page 3 undefined o
n input line 48.


LaTeX Warning: Citation `przeworskiDemocracyDevelopmentPolitical2000' on page 3
 undefined on input line 50.


LaTeX Warning: Citation `houleDoesEthnicVoting2018' on page 3 undefined on inpu
t line 50.


LaTeX Warning: Citation `przeworskiDemocracyDevelopmentPolitical2000' on page 3
 undefined on input line 50.


LaTeX Warning: Citation `chandraWhyEthnicParties2004' on page 3 undefined on in
put line 50.


LaTeX Warning: Citation `horowitzEthnicGroupsConflict1985' on page 3 undefined 
on input line 50.


LaTeX Warning: Citation `rabushkaPoliticsPluralSocieties1972' on page 3 undefin
ed on input line 50.


LaTeX Warning: Citation `chandraWhyEthnicParties2004' on page 3 undefined on in
put line 50.


LaTeX Warning: Citation `houleDoesEthnicVoting2018' on page 3 undefined on inpu
t line 50.

[3]

LaTeX Warning: Citation `przeworskiDemocracyDevelopmentPolitical2000' on page 4
 undefined on input line 52.


LaTeX Warning: Citation `przeworskiDemocracyDevelopmentPolitical2000' on page 4
 undefined on input line 52.

[4]

LaTeX Warning: Citation `chandraWhyEthnicParties2004' on page 5 undefined on in
put line 56.


LaTeX Warning: Citation `houleDoesEthnicVoting2018' on page 5 undefined on inpu
t line 58.


LaTeX Warning: Citation `mccoyPolarizationGlobalCrisis2018' on page 5 undefined
 on input line 60.


LaTeX Warning: Citation `bhavnaniEthnicPolarizationEthnic2009' on page 5 undefi
ned on input line 60.


LaTeX Warning: Citation `devottaEthnicOutbiddingEthnic2005' on page 5 undefined
 on input line 60.


LaTeX Warning: Citation `mccoyTheoryPerniciousPolarization2019' on page 5 undef
ined on input line 62.


LaTeX Warning: Citation `mccoyTheoryPerniciousPolarization2019' on page 5 undef
ined on input line 62.


LaTeX Warning: Citation `mckennaAreDiverseSocieties2018' on page 5 undefined on
 input line 62.

[5]

LaTeX Warning: Citation `houleDoesEthnicVoting2018' on page 6 undefined on inpu
t line 64.


LaTeX Warning: Citation `uslanerSegregationMistrustDiversity2012' on page 6 und
efined on input line 68.


LaTeX Warning: Citation `uslanerMoralFoundationsTrust2002' on page 6 undefined 
on input line 68.


LaTeX Warning: Citation `fukuyamaTrustSocialVirtues2000' on page 6 undefined on
 input line 68.


LaTeX Warning: Citation `putnamBowlingAloneAmerica2000' on page 6 undefined on 
input line 68.


LaTeX Warning: Citation `uslanerMoralFoundationsTrust2002' on page 6 undefined 
on input line 68.


LaTeX Warning: Citation `warrenTrustDemocracy2018' on page 6 undefined on input
 line 68.


LaTeX Warning: Citation `keeferSocialTrustElectoral2019' on page 6 undefined on
 input line 68.


LaTeX Warning: Citation `keeferSocialTrustElectoral2019' on page 6 undefined on
 input line 68.

[6]

LaTeX Warning: Citation `inglehartModernizationPostmodernizationCultural1997' o
n page 7 undefined on input line 70.


LaTeX Warning: Citation `inglehartTrustWellbeingDemocracy1999' on page 7 undefi
ned on input line 70.


LaTeX Warning: Citation `mullerCivicCultureDemocracy1994b' on page 7 undefined 
on input line 70.


LaTeX Warning: Citation `fukuyamaTrustSocialVirtues1995' on page 7 undefined on
 input line 70.


LaTeX Warning: Citation `knackDoesSocialCapital1997' on page 7 undefined on inp
ut line 70.


LaTeX Warning: Citation `dasguptaSocialCapitalMultifaceted2000' on page 7 undef
ined on input line 70.


LaTeX Warning: Citation `jacobsDeathLifeGreat1992' on page 7 undefined on input
 line 70.


LaTeX Warning: Citation `wilsonTrulyDisadvantagedInner2012' on page 7 undefined
 on input line 70.


LaTeX Warning: Citation `putnamWhatMakesDemocracy1993' on page 7 undefined on i
nput line 70.


LaTeX Warning: Citation `riceSocialCapitalGovernment2001' on page 7 undefined o
n input line 70.


LaTeX Warning: Citation `knackSocialCapitalQuality2002' on page 7 undefined on 
input line 70.


LaTeX Warning: Citation `laportaQualityGovernment1999' on page 7 undefined on i
nput line 70.


LaTeX Warning: Citation `bensonInterpersonalTrustMagnitude2004' on page 7 undef
ined on input line 70.


LaTeX Warning: Citation `dinesenEthnicDiversitySocial2020' on page 7 undefined 
on input line 72.


LaTeX Warning: Citation `varshneyEthnicityEthnicConflict2009' on page 7 undefin
ed on input line 72.


LaTeX Warning: Citation `alesinaPublicGoodsEthnic1999' on page 7 undefined on i
nput line 72.


LaTeX Warning: Citation `alesinaEthnicDiversityEconomic2005' on page 7 undefine
d on input line 72.


LaTeX Warning: Citation `alesinaEthnicDiversityEconomic2005' on page 7 undefine
d on input line 72.


LaTeX Warning: Citation `easterlyAfricaGrowthTragedy1997' on page 7 undefined o
n input line 72.


LaTeX Warning: Citation `delheyHowGeneralTrust2011' on page 7 undefined on inpu
t line 74.

[7]

LaTeX Warning: Citation `crepazWhatTrustGot2017' on page 8 undefined on input l
ine 76.


LaTeX Warning: Citation `stollePoliticsSupermarketPolitical2005' on page 8 unde
fined on input line 76.

[8]

LaTeX Warning: Citation `keeferSocialTrustElectoral2019' on page 9 undefined on
 input line 84.


LaTeX Warning: Citation `bigelowDemocracyAmericaVolume1899' on page 9 undefined
 on input line 84.


LaTeX Warning: Citation `uslanerMoralFoundationsTrust2002' on page 9 undefined 
on input line 84.


LaTeX Warning: Citation `putnamBowlingAloneAmerica2000' on page 9 undefined on 
input line 84.


LaTeX Warning: Citation `oskarssonGeneralizedTrustPolitical2010' on page 9 unde
fined on input line 84.


LaTeX Warning: Citation `fukuyamaTrustSocialVirtues2000' on page 9 undefined on
 input line 88.


LaTeX Warning: Citation `zmerliSocialTrustAttitudes2008' on page 9 undefined on
 input line 88.


LaTeX Warning: Citation `delheyHowGeneralTrust2011' on page 9 undefined on inpu
t line 88.


LaTeX Warning: Citation `gaidyteExplainingPoliticalParticipation2015' on page 9
 undefined on input line 88.


LaTeX Warning: Citation `delheyHowGeneralTrust2011' on page 9 undefined on inpu
t line 88.

[9]

LaTeX Warning: Citation `keeferClientelismCredibilityPolicy2007a' on page 10 un
defined on input line 90.


LaTeX Warning: Citation `letkiTrustNewlyDemocratic2018' on page 10 undefined on
 input line 92.


LaTeX Warning: Citation `banfieldCorruptionFeatureGovernmental1975' on page 10 
undefined on input line 92.


LaTeX Warning: Citation `uslanerCivicEngagementParticularized2016' on page 10 u
ndefined on input line 92.


LaTeX Warning: Citation `uslanerCivicEngagementParticularized2016' on page 10 u
ndefined on input line 92.

[10]

LaTeX Warning: Citation `horowitzEthnicitySwingVote2019' on page 11 undefined o
n input line 94.


LaTeX Warning: Citation `basedauEthnicityPartyPreference2011' on page 11 undefi
ned on input line 94.


LaTeX Warning: Citation `houleStructureEthnicInequality2018' on page 11 undefin
ed on input line 94.


LaTeX Warning: Citation `inglehartTrustWellbeingDemocracy1999a' on page 11 unde
fined on input line 94.


LaTeX Warning: Citation `huntingtonHowCountriesDemocratize1991' on page 11 unde
fined on input line 96.


LaTeX Warning: Citation `sorensenDemocracyDemocratizationProcesses2008' on page
 11 undefined on input line 96.

[11]

LaTeX Warning: Citation `conroy-krutzInformationEthnicPolitics2013' on page 12 
undefined on input line 103.


LaTeX Warning: Citation `adidaReducingReinforcingInGroup2017' on page 12 undefi
ned on input line 103.

[12]
</Users/hyowonshin/Library/texmf/Mech2A.png, id=44, 1015.795pt x 204.765pt>
File: /Users/hyowonshin/Library/texmf/Mech2A.png Graphic file (type png)
<use /Users/hyowonshin/Library/texmf/Mech2A.png>
Package pdftex.def Info: /Users/hyowonshin/Library/texmf/Mech2A.png  used on in
put line 110.
(pdftex.def)             Requested size: 355.53357pt x 71.66881pt.


LaTeX Warning: Citation `habyarimanaWhyDoesEthnic2007' on page 13 undefined on 
input line 113.

[13 </Users/hyowonshin/Library/texmf/Mech2A.png>]

LaTeX Warning: Citation `keeferSocialTrustElectoral2019' on page 14 undefined o
n input line 115.


LaTeX Warning: Citation `kinderPrejudicePoliticsSymbolic1981' on page 14 undefi
ned on input line 115.


LaTeX Warning: Citation `longDeterminantsEthnicVoting2012' on page 14 undefined
 on input line 115.


LaTeX Warning: Citation `batesEthnicCompetitionModernization1974' on page 14 un
defined on input line 115.


LaTeX Warning: Citation `snidermanFallacyDemocraticElitism1991' on page 14 unde
fined on input line 115.


LaTeX Warning: Citation `keeferSocialTrustElectoral2019' on page 14 undefined o
n input line 117.

</Users/hyowonshin/Library/texmf/Mech3A.png, id=51, 993.7125pt x 215.80624pt>
File: /Users/hyowonshin/Library/texmf/Mech3A.png Graphic file (type png)
<use /Users/hyowonshin/Library/texmf/Mech3A.png>
Package pdftex.def Info: /Users/hyowonshin/Library/texmf/Mech3A.png  used on in
put line 120.
(pdftex.def)             Requested size: 347.80458pt x 75.53331pt.
[14]
Underfull \hbox (badness 10000) in paragraph at lines 124--128

 []


Underfull \hbox (badness 10000) in paragraph at lines 124--128

 []


Underfull \hbox (badness 10000) in paragraph at lines 124--128

 []


Underfull \hbox (badness 10000) in paragraph at lines 124--128

 []


LaTeX Warning: Citation `grewalAreNewDemocracies2015' on page 15 undefined on i
nput line 130.

LaTeX Font Info:    External font `cmex10' loaded for size
(Font)              <8> on input line 130.
LaTeX Font Info:    External font `cmex10' loaded for size
(Font)              <6> on input line 130.
[15 </Users/hyowonshin/Library/texmf/Mech3A.png>]

LaTeX Warning: Citation `gerringWhoRulesWorld2019' on page 16 undefined on inpu
t line 132.

[16]

LaTeX Warning: Citation `caoIngroupOutgroupForms2015' on page 17 undefined on i
nput line 145.

[17]

LaTeX Warning: Citation `huberMeasuringEthnicVoting2012' on page 18 undefined o
n input line 147.

LaTeX Font Info:    External font `cmex10' loaded for size
(Font)              <24.88> on input line 187.
LaTeX Font Info:    External font `cmex10' loaded for size
(Font)              <20.74> on input line 187.
[18] [19]
</Users/hyowonshin/Library/texmf/maintrust.png, id=75, 550.055pt x 960.58875pt>

File: /Users/hyowonshin/Library/texmf/maintrust.png Graphic file (type png)
<use /Users/hyowonshin/Library/texmf/maintrust.png>
Package pdftex.def Info: /Users/hyowonshin/Library/texmf/maintrust.png  used on
 input line 198.
(pdftex.def)             Requested size: 275.02682pt x 480.2932pt.
 [20] [21 </Users/hyowonshin/Library/texmf/maintrust.png>]
</Users/hyowonshin/Library/texmf/PPEV1 copy.jpg, id=83, 602.25pt x 470.75874pt>

File: /Users/hyowonshin/Library/texmf/PPEV1 copy.jpg Graphic file (type jpg)
<use /Users/hyowonshin/Library/texmf/PPEV1 copy.jpg>
Package pdftex.def Info: /Users/hyowonshin/Library/texmf/PPEV1 copy.jpg  used o
n input line 232.
(pdftex.def)             Requested size: 391.45786pt x 305.98956pt.

Overfull \hbox (1.45786pt too wide) in paragraph at lines 232--233
 [][] 
 []

[22] [23 </Users/hyowonshin/Library/texmf/PPEV1 copy.jpg>]

LaTeX Warning: Citation `adidaSpousalBumpCrossEthnic2016' on page 24 undefined 
on input line 243.

[24]

LaTeX Warning: Citation `kreftIntroducingMultilevelModeling1998' on page 25 und
efined on input line 245.

[25] [26]
Overfull \hbox (2.92462pt too wide) in paragraph at lines 260--261
\OT1/cmr/m/n/12 uni-ver-sity e.g. a diploma or de-gree from a tech-ni-cal/polyt
echnic/college,
 []

[27]

LaTeX Warning: Citation `huberMeasuringEthnicVoting2012' on page 28 undefined o
n input line 277.

</Users/hyowonshin/Library/texmf/additionalmodel.png, id=105, 441.65pt x 963.6p
t>
File: /Users/hyowonshin/Library/texmf/additionalmodel.png Graphic file (type pn
g)
<use /Users/hyowonshin/Library/texmf/additionalmodel.png>
Package pdftex.def Info: /Users/hyowonshin/Library/texmf/additionalmodel.png  u
sed on input line 285.
(pdftex.def)             Requested size: 242.90823pt x 529.98164pt.
[28] (./trust.bbl

LaTeX Warning: Empty `thebibliography' environment on input line 3.

) [29 </Users/hyowonshin/Library/texmf/additionalmodel.png>] [30] (./trust.aux)

LaTeX Warning: There were undefined references.

 ) 
Here is how much of TeX's memory you used:
 2894 strings out of 480608
 48332 string characters out of 5903631
 302936 words of memory out of 5000000
 18769 multiletter control sequences out of 15000+600000
 540634 words of font info for 51 fonts, out of 8000000 for 9000
 1141 hyphenation exceptions out of 8191
 41i,10n,42p,2302b,353s stack positions out of 5000i,500n,10000p,200000b,80000s
{/usr/local/texlive/2020/texmf-dist/fonts/enc/dvips/cm-super/cm-super-ts1.enc
}</usr/local/texlive/2020/texmf-dist/fonts/type1/public/amsfonts/cm/cmbx12.pfb>
</usr/local/texlive/2020/texmf-dist/fonts/type1/public/amsfonts/cm/cmmi12.pfb><
/usr/local/texlive/2020/texmf-dist/fonts/type1/public/amsfonts/cm/cmr10.pfb></u
sr/local/texlive/2020/texmf-dist/fonts/type1/public/amsfonts/cm/cmr12.pfb></usr
/local/texlive/2020/texmf-dist/fonts/type1/public/amsfonts/cm/cmr17.pfb></usr/l
ocal/texlive/2020/texmf-dist/fonts/type1/public/amsfonts/cm/cmr7.pfb></usr/loca
l/texlive/2020/texmf-dist/fonts/type1/public/amsfonts/cm/cmr8.pfb></usr/local/t
exlive/2020/texmf-dist/fonts/type1/public/amsfonts/cm/cmti12.pfb></usr/local/te
xlive/2020/texmf-dist/fonts/type1/public/cm-super/sfrm1200.pfb>
Output written on trust.pdf (30 pages, 561937 bytes).
PDF statistics:
 147 PDF objects out of 1000 (max. 8388607)
 96 compressed objects within 1 object stream
 0 named destinations out of 1000 (max. 500000)
 26 words of extra memory for PDF output out of 10000 (max. 10000000)

